[ERROR] 2022-03-11 22:34:26,252 [main]  com.example.Corebot.Bot.BotLogic botConnect - Cant Connect. Pause 10sec and try again. Error: Bot token and username can't be empty
[ERROR] 2022-03-11 22:34:36,255 [main]  com.example.Corebot.Bot.BotLogic botConnect - Cant Connect. Pause 10sec and try again. Error: Bot token and username can't be empty
[ERROR] 2022-03-11 22:34:46,258 [main]  com.example.Corebot.Bot.BotLogic botConnect - Cant Connect. Pause 10sec and try again. Error: Bot token and username can't be empty
[ERROR] 2022-03-11 22:34:56,263 [main]  com.example.Corebot.Bot.BotLogic botConnect - Cant Connect. Pause 10sec and try again. Error: Bot token and username can't be empty
[ERROR] 2022-03-11 22:35:06,266 [main]  com.example.Corebot.Bot.BotLogic botConnect - Cant Connect. Pause 10sec and try again. Error: Bot token and username can't be empty
[ERROR] 2022-03-11 22:38:19,209 [MsgSender]  com.example.Corebot.service.MessageSender send - class org.telegram.telegrambots.meta.api.methods.send.SendMessage cannot be cast to class org.telegram.telegrambots.meta.api.methods.send.SendSticker (org.telegram.telegrambots.meta.api.methods.send.SendMessage and org.telegram.telegrambots.meta.api.methods.send.SendSticker are in unnamed module of loader 'app')
java.lang.ClassCastException: class org.telegram.telegrambots.meta.api.methods.send.SendMessage cannot be cast to class org.telegram.telegrambots.meta.api.methods.send.SendSticker (org.telegram.telegrambots.meta.api.methods.send.SendMessage and org.telegram.telegrambots.meta.api.methods.send.SendSticker are in unnamed module of loader 'app')
	at com.example.Corebot.service.MessageSender.send(MessageSender.java:45)
	at com.example.Corebot.service.MessageSender.run(MessageSender.java:24)
	at java.base/java.lang.Thread.run(Thread.java:831)
[ERROR] 2022-03-11 22:38:37,622 [MsgSender]  com.example.Corebot.service.MessageSender send - class org.telegram.telegrambots.meta.api.methods.send.SendMessage cannot be cast to class org.telegram.telegrambots.meta.api.methods.send.SendSticker (org.telegram.telegrambots.meta.api.methods.send.SendMessage and org.telegram.telegrambots.meta.api.methods.send.SendSticker are in unnamed module of loader 'app')
java.lang.ClassCastException: class org.telegram.telegrambots.meta.api.methods.send.SendMessage cannot be cast to class org.telegram.telegrambots.meta.api.methods.send.SendSticker (org.telegram.telegrambots.meta.api.methods.send.SendMessage and org.telegram.telegrambots.meta.api.methods.send.SendSticker are in unnamed module of loader 'app')
	at com.example.Corebot.service.MessageSender.send(MessageSender.java:45)
	at com.example.Corebot.service.MessageSender.run(MessageSender.java:24)
	at java.base/java.lang.Thread.run(Thread.java:831)
[ERROR] 2022-03-12 14:05:19,506 [MsgSender]  com.example.Corebot.service.MessageSender send - class org.telegram.telegrambots.meta.api.methods.send.SendMessage cannot be cast to class org.telegram.telegrambots.meta.api.methods.send.SendSticker (org.telegram.telegrambots.meta.api.methods.send.SendMessage and org.telegram.telegrambots.meta.api.methods.send.SendSticker are in unnamed module of loader 'app')
java.lang.ClassCastException: class org.telegram.telegrambots.meta.api.methods.send.SendMessage cannot be cast to class org.telegram.telegrambots.meta.api.methods.send.SendSticker (org.telegram.telegrambots.meta.api.methods.send.SendMessage and org.telegram.telegrambots.meta.api.methods.send.SendSticker are in unnamed module of loader 'app')
	at com.example.Corebot.service.MessageSender.send(MessageSender.java:45)
	at com.example.Corebot.service.MessageSender.run(MessageSender.java:24)
	at java.base/java.lang.Thread.run(Thread.java:831)
[ERROR] 2022-03-12 14:05:19,890 [MsgSender]  com.example.Corebot.service.MessageSender send - class org.telegram.telegrambots.meta.api.methods.send.SendMessage cannot be cast to class org.telegram.telegrambots.meta.api.methods.send.SendSticker (org.telegram.telegrambots.meta.api.methods.send.SendMessage and org.telegram.telegrambots.meta.api.methods.send.SendSticker are in unnamed module of loader 'app')
java.lang.ClassCastException: class org.telegram.telegrambots.meta.api.methods.send.SendMessage cannot be cast to class org.telegram.telegrambots.meta.api.methods.send.SendSticker (org.telegram.telegrambots.meta.api.methods.send.SendMessage and org.telegram.telegrambots.meta.api.methods.send.SendSticker are in unnamed module of loader 'app')
	at com.example.Corebot.service.MessageSender.send(MessageSender.java:45)
	at com.example.Corebot.service.MessageSender.run(MessageSender.java:24)
	at java.base/java.lang.Thread.run(Thread.java:831)
[ERROR] 2022-03-12 14:51:01,557 [MsgSender]  com.example.Corebot.service.MessageSender send - org.telegram.telegrambots.meta.api.methods.send.SendMessage cannot be cast to org.telegram.telegrambots.meta.api.methods.send.SendSticker
java.lang.ClassCastException: org.telegram.telegrambots.meta.api.methods.send.SendMessage cannot be cast to org.telegram.telegrambots.meta.api.methods.send.SendSticker
	at com.example.Corebot.service.MessageSender.send(MessageSender.java:45)
	at com.example.Corebot.service.MessageSender.run(MessageSender.java:24)
	at java.lang.Thread.run(Thread.java:748)
[ERROR] 2022-03-12 15:02:39,615 [MsgSender]  com.example.Corebot.service.MessageSender send - org.telegram.telegrambots.meta.api.methods.send.SendMessage cannot be cast to org.telegram.telegrambots.meta.api.methods.send.SendSticker
java.lang.ClassCastException: org.telegram.telegrambots.meta.api.methods.send.SendMessage cannot be cast to org.telegram.telegrambots.meta.api.methods.send.SendSticker
	at com.example.Corebot.service.MessageSender.send(MessageSender.java:45)
	at com.example.Corebot.service.MessageSender.run(MessageSender.java:24)
	at java.lang.Thread.run(Thread.java:748)
[ERROR] 2022-03-12 18:24:23,008 [MsgSender]  com.example.Corebot.service.MessageSender send - org.telegram.telegrambots.meta.api.methods.send.SendMessage cannot be cast to org.telegram.telegrambots.meta.api.methods.send.SendSticker
java.lang.ClassCastException: org.telegram.telegrambots.meta.api.methods.send.SendMessage cannot be cast to org.telegram.telegrambots.meta.api.methods.send.SendSticker
	at com.example.Corebot.service.MessageSender.send(MessageSender.java:45)
	at com.example.Corebot.service.MessageSender.run(MessageSender.java:24)
	at java.lang.Thread.run(Thread.java:748)
[ERROR] 2022-03-12 18:24:23,385 [MsgSender]  com.example.Corebot.service.MessageSender send - org.telegram.telegrambots.meta.api.methods.send.SendMessage cannot be cast to org.telegram.telegrambots.meta.api.methods.send.SendSticker
java.lang.ClassCastException: org.telegram.telegrambots.meta.api.methods.send.SendMessage cannot be cast to org.telegram.telegrambots.meta.api.methods.send.SendSticker
	at com.example.Corebot.service.MessageSender.send(MessageSender.java:45)
	at com.example.Corebot.service.MessageSender.run(MessageSender.java:24)
	at java.lang.Thread.run(Thread.java:748)
[ERROR] 2022-03-12 18:24:23,673 [MsgSender]  com.example.Corebot.service.MessageSender send - org.telegram.telegrambots.meta.api.methods.send.SendMessage cannot be cast to org.telegram.telegrambots.meta.api.methods.send.SendSticker
java.lang.ClassCastException: org.telegram.telegrambots.meta.api.methods.send.SendMessage cannot be cast to org.telegram.telegrambots.meta.api.methods.send.SendSticker
	at com.example.Corebot.service.MessageSender.send(MessageSender.java:45)
	at com.example.Corebot.service.MessageSender.run(MessageSender.java:24)
	at java.lang.Thread.run(Thread.java:748)
[ERROR] 2022-03-12 18:24:24,055 [MsgSender]  com.example.Corebot.service.MessageSender send - org.telegram.telegrambots.meta.api.methods.send.SendMessage cannot be cast to org.telegram.telegrambots.meta.api.methods.send.SendSticker
java.lang.ClassCastException: org.telegram.telegrambots.meta.api.methods.send.SendMessage cannot be cast to org.telegram.telegrambots.meta.api.methods.send.SendSticker
	at com.example.Corebot.service.MessageSender.send(MessageSender.java:45)
	at com.example.Corebot.service.MessageSender.run(MessageSender.java:24)
	at java.lang.Thread.run(Thread.java:748)
[ERROR] 2022-03-12 18:24:24,333 [MsgSender]  com.example.Corebot.service.MessageSender send - org.telegram.telegrambots.meta.api.methods.send.SendMessage cannot be cast to org.telegram.telegrambots.meta.api.methods.send.SendSticker
java.lang.ClassCastException: org.telegram.telegrambots.meta.api.methods.send.SendMessage cannot be cast to org.telegram.telegrambots.meta.api.methods.send.SendSticker
	at com.example.Corebot.service.MessageSender.send(MessageSender.java:45)
	at com.example.Corebot.service.MessageSender.run(MessageSender.java:24)
	at java.lang.Thread.run(Thread.java:748)
[ERROR] 2022-03-12 18:24:24,648 [MsgSender]  com.example.Corebot.service.MessageSender send - org.telegram.telegrambots.meta.api.methods.send.SendMessage cannot be cast to org.telegram.telegrambots.meta.api.methods.send.SendSticker
java.lang.ClassCastException: org.telegram.telegrambots.meta.api.methods.send.SendMessage cannot be cast to org.telegram.telegrambots.meta.api.methods.send.SendSticker
	at com.example.Corebot.service.MessageSender.send(MessageSender.java:45)
	at com.example.Corebot.service.MessageSender.run(MessageSender.java:24)
	at java.lang.Thread.run(Thread.java:748)
[ERROR] 2022-03-12 18:24:24,911 [MsgSender]  com.example.Corebot.service.MessageSender send - org.telegram.telegrambots.meta.api.methods.send.SendMessage cannot be cast to org.telegram.telegrambots.meta.api.methods.send.SendSticker
java.lang.ClassCastException: org.telegram.telegrambots.meta.api.methods.send.SendMessage cannot be cast to org.telegram.telegrambots.meta.api.methods.send.SendSticker
	at com.example.Corebot.service.MessageSender.send(MessageSender.java:45)
	at com.example.Corebot.service.MessageSender.run(MessageSender.java:24)
	at java.lang.Thread.run(Thread.java:748)
[ERROR] 2022-03-12 18:24:25,180 [MsgSender]  com.example.Corebot.service.MessageSender send - org.telegram.telegrambots.meta.api.methods.send.SendMessage cannot be cast to org.telegram.telegrambots.meta.api.methods.send.SendSticker
java.lang.ClassCastException: org.telegram.telegrambots.meta.api.methods.send.SendMessage cannot be cast to org.telegram.telegrambots.meta.api.methods.send.SendSticker
	at com.example.Corebot.service.MessageSender.send(MessageSender.java:45)
	at com.example.Corebot.service.MessageSender.run(MessageSender.java:24)
	at java.lang.Thread.run(Thread.java:748)
[ERROR] 2022-03-12 18:24:25,459 [MsgSender]  com.example.Corebot.service.MessageSender send - org.telegram.telegrambots.meta.api.methods.send.SendMessage cannot be cast to org.telegram.telegrambots.meta.api.methods.send.SendSticker
java.lang.ClassCastException: org.telegram.telegrambots.meta.api.methods.send.SendMessage cannot be cast to org.telegram.telegrambots.meta.api.methods.send.SendSticker
	at com.example.Corebot.service.MessageSender.send(MessageSender.java:45)
	at com.example.Corebot.service.MessageSender.run(MessageSender.java:24)
	at java.lang.Thread.run(Thread.java:748)
[ERROR] 2022-03-12 18:24:25,783 [MsgSender]  com.example.Corebot.service.MessageSender send - org.telegram.telegrambots.meta.api.methods.send.SendMessage cannot be cast to org.telegram.telegrambots.meta.api.methods.send.SendSticker
java.lang.ClassCastException: org.telegram.telegrambots.meta.api.methods.send.SendMessage cannot be cast to org.telegram.telegrambots.meta.api.methods.send.SendSticker
	at com.example.Corebot.service.MessageSender.send(MessageSender.java:45)
	at com.example.Corebot.service.MessageSender.run(MessageSender.java:24)
	at java.lang.Thread.run(Thread.java:748)
[ERROR] 2022-03-12 18:24:26,068 [MsgSender]  com.example.Corebot.service.MessageSender send - org.telegram.telegrambots.meta.api.methods.send.SendMessage cannot be cast to org.telegram.telegrambots.meta.api.methods.send.SendSticker
java.lang.ClassCastException: org.telegram.telegrambots.meta.api.methods.send.SendMessage cannot be cast to org.telegram.telegrambots.meta.api.methods.send.SendSticker
	at com.example.Corebot.service.MessageSender.send(MessageSender.java:45)
	at com.example.Corebot.service.MessageSender.run(MessageSender.java:24)
	at java.lang.Thread.run(Thread.java:748)
[ERROR] 2022-03-12 21:53:56,649 [MsgSender]  com.example.Corebot.service.MessageSender send - org.telegram.telegrambots.meta.api.methods.send.SendMessage cannot be cast to org.telegram.telegrambots.meta.api.methods.send.SendSticker
java.lang.ClassCastException: org.telegram.telegrambots.meta.api.methods.send.SendMessage cannot be cast to org.telegram.telegrambots.meta.api.methods.send.SendSticker
	at com.example.Corebot.service.MessageSender.send(MessageSender.java:45)
	at com.example.Corebot.service.MessageSender.run(MessageSender.java:24)
	at java.lang.Thread.run(Thread.java:748)
[ERROR] 2022-03-12 21:53:56,954 [MsgSender]  com.example.Corebot.service.MessageSender send - org.telegram.telegrambots.meta.api.methods.send.SendMessage cannot be cast to org.telegram.telegrambots.meta.api.methods.send.SendSticker
java.lang.ClassCastException: org.telegram.telegrambots.meta.api.methods.send.SendMessage cannot be cast to org.telegram.telegrambots.meta.api.methods.send.SendSticker
	at com.example.Corebot.service.MessageSender.send(MessageSender.java:45)
	at com.example.Corebot.service.MessageSender.run(MessageSender.java:24)
	at java.lang.Thread.run(Thread.java:748)
[ERROR] 2022-03-12 21:53:57,647 [MsgSender]  com.example.Corebot.service.MessageSender send - org.telegram.telegrambots.meta.api.methods.send.SendMessage cannot be cast to org.telegram.telegrambots.meta.api.methods.send.SendSticker
java.lang.ClassCastException: org.telegram.telegrambots.meta.api.methods.send.SendMessage cannot be cast to org.telegram.telegrambots.meta.api.methods.send.SendSticker
	at com.example.Corebot.service.MessageSender.send(MessageSender.java:45)
	at com.example.Corebot.service.MessageSender.run(MessageSender.java:24)
	at java.lang.Thread.run(Thread.java:748)
[ERROR] 2022-03-12 21:53:57,956 [MsgSender]  com.example.Corebot.service.MessageSender send - org.telegram.telegrambots.meta.api.methods.send.SendMessage cannot be cast to org.telegram.telegrambots.meta.api.methods.send.SendSticker
java.lang.ClassCastException: org.telegram.telegrambots.meta.api.methods.send.SendMessage cannot be cast to org.telegram.telegrambots.meta.api.methods.send.SendSticker
	at com.example.Corebot.service.MessageSender.send(MessageSender.java:45)
	at com.example.Corebot.service.MessageSender.run(MessageSender.java:24)
	at java.lang.Thread.run(Thread.java:748)
[ERROR] 2022-03-13 10:04:43,107 [MsgSender]  com.example.Corebot.service.MessageSender send - org.telegram.telegrambots.meta.api.methods.send.SendMessage cannot be cast to org.telegram.telegrambots.meta.api.methods.send.SendSticker
java.lang.ClassCastException: org.telegram.telegrambots.meta.api.methods.send.SendMessage cannot be cast to org.telegram.telegrambots.meta.api.methods.send.SendSticker
	at com.example.Corebot.service.MessageSender.send(MessageSender.java:45)
	at com.example.Corebot.service.MessageSender.run(MessageSender.java:24)
	at java.lang.Thread.run(Thread.java:748)
[ERROR] 2022-03-13 10:04:43,403 [MsgSender]  com.example.Corebot.service.MessageSender send - org.telegram.telegrambots.meta.api.methods.send.SendMessage cannot be cast to org.telegram.telegrambots.meta.api.methods.send.SendSticker
java.lang.ClassCastException: org.telegram.telegrambots.meta.api.methods.send.SendMessage cannot be cast to org.telegram.telegrambots.meta.api.methods.send.SendSticker
	at com.example.Corebot.service.MessageSender.send(MessageSender.java:45)
	at com.example.Corebot.service.MessageSender.run(MessageSender.java:24)
	at java.lang.Thread.run(Thread.java:748)
[ERROR] 2022-03-13 10:04:43,672 [MsgSender]  com.example.Corebot.service.MessageSender send - org.telegram.telegrambots.meta.api.methods.send.SendMessage cannot be cast to org.telegram.telegrambots.meta.api.methods.send.SendSticker
java.lang.ClassCastException: org.telegram.telegrambots.meta.api.methods.send.SendMessage cannot be cast to org.telegram.telegrambots.meta.api.methods.send.SendSticker
	at com.example.Corebot.service.MessageSender.send(MessageSender.java:45)
	at com.example.Corebot.service.MessageSender.run(MessageSender.java:24)
	at java.lang.Thread.run(Thread.java:748)
[ERROR] 2022-03-13 10:04:43,966 [MsgSender]  com.example.Corebot.service.MessageSender send - org.telegram.telegrambots.meta.api.methods.send.SendMessage cannot be cast to org.telegram.telegrambots.meta.api.methods.send.SendSticker
java.lang.ClassCastException: org.telegram.telegrambots.meta.api.methods.send.SendMessage cannot be cast to org.telegram.telegrambots.meta.api.methods.send.SendSticker
	at com.example.Corebot.service.MessageSender.send(MessageSender.java:45)
	at com.example.Corebot.service.MessageSender.run(MessageSender.java:24)
	at java.lang.Thread.run(Thread.java:748)
[ERROR] 2022-03-13 10:04:44,292 [MsgSender]  com.example.Corebot.service.MessageSender send - org.telegram.telegrambots.meta.api.methods.send.SendMessage cannot be cast to org.telegram.telegrambots.meta.api.methods.send.SendSticker
java.lang.ClassCastException: org.telegram.telegrambots.meta.api.methods.send.SendMessage cannot be cast to org.telegram.telegrambots.meta.api.methods.send.SendSticker
	at com.example.Corebot.service.MessageSender.send(MessageSender.java:45)
	at com.example.Corebot.service.MessageSender.run(MessageSender.java:24)
	at java.lang.Thread.run(Thread.java:748)
[ERROR] 2022-03-13 10:04:44,594 [MsgSender]  com.example.Corebot.service.MessageSender send - org.telegram.telegrambots.meta.api.methods.send.SendMessage cannot be cast to org.telegram.telegrambots.meta.api.methods.send.SendSticker
java.lang.ClassCastException: org.telegram.telegrambots.meta.api.methods.send.SendMessage cannot be cast to org.telegram.telegrambots.meta.api.methods.send.SendSticker
	at com.example.Corebot.service.MessageSender.send(MessageSender.java:45)
	at com.example.Corebot.service.MessageSender.run(MessageSender.java:24)
	at java.lang.Thread.run(Thread.java:748)
[ERROR] 2022-03-13 10:11:20,772 [MsgSender]  com.example.Corebot.service.MessageSender send - org.telegram.telegrambots.meta.api.methods.send.SendMessage cannot be cast to org.telegram.telegrambots.meta.api.methods.send.SendSticker
java.lang.ClassCastException: org.telegram.telegrambots.meta.api.methods.send.SendMessage cannot be cast to org.telegram.telegrambots.meta.api.methods.send.SendSticker
	at com.example.Corebot.service.MessageSender.send(MessageSender.java:46)
	at com.example.Corebot.service.MessageSender.run(MessageSender.java:24)
	at java.lang.Thread.run(Thread.java:748)
[ERROR] 2022-03-14 16:09:07,583 [main]  com.example.Corebot.Bot.BotLogic botConnect - Cant Connect. Pause 10sec and try again. Error: Bot token and username can't be empty
[ERROR] 2022-03-14 16:09:17,587 [main]  com.example.Corebot.Bot.BotLogic botConnect - Cant Connect. Pause 10sec and try again. Error: Bot token and username can't be empty
[ERROR] 2022-03-14 16:09:27,589 [main]  com.example.Corebot.Bot.BotLogic botConnect - Cant Connect. Pause 10sec and try again. Error: Bot token and username can't be empty
[ERROR] 2022-03-14 16:09:37,595 [main]  com.example.Corebot.Bot.BotLogic botConnect - Cant Connect. Pause 10sec and try again. Error: Bot token and username can't be empty
[ERROR] 2022-03-14 16:09:47,597 [main]  com.example.Corebot.Bot.BotLogic botConnect - Cant Connect. Pause 10sec and try again. Error: Bot token and username can't be empty
[ERROR] 2022-03-14 16:09:57,600 [main]  com.example.Corebot.Bot.BotLogic botConnect - Cant Connect. Pause 10sec and try again. Error: Bot token and username can't be empty
[ERROR] 2022-03-14 16:10:07,604 [main]  com.example.Corebot.Bot.BotLogic botConnect - Cant Connect. Pause 10sec and try again. Error: Bot token and username can't be empty
[ERROR] 2022-03-14 16:10:17,610 [main]  com.example.Corebot.Bot.BotLogic botConnect - Cant Connect. Pause 10sec and try again. Error: Bot token and username can't be empty
[ERROR] 2022-03-14 16:10:27,613 [main]  com.example.Corebot.Bot.BotLogic botConnect - Cant Connect. Pause 10sec and try again. Error: Bot token and username can't be empty
[ERROR] 2022-03-14 16:10:37,614 [main]  com.example.Corebot.Bot.BotLogic botConnect - Cant Connect. Pause 10sec and try again. Error: Bot token and username can't be empty
[ERROR] 2022-03-14 16:10:47,616 [main]  com.example.Corebot.Bot.BotLogic botConnect - Cant Connect. Pause 10sec and try again. Error: Bot token and username can't be empty
[ERROR] 2022-03-14 16:10:57,622 [main]  com.example.Corebot.Bot.BotLogic botConnect - Cant Connect. Pause 10sec and try again. Error: Bot token and username can't be empty
